Determining if the pthread_create exist failed with the following output:
Change Dir: /home/santi/wsfin/devel/ardrone_helpers/ardrone_joystick/build/CMakeFiles/CMakeTmp

Run Build Command:"/usr/bin/make" "cmTC_115dc/fast"
make[1]: se entra en el directorio '/home/santi/wsfin/devel/ardrone_helpers/ardrone_joystick/build/CMakeFiles/CMakeTmp'
/usr/bin/make -f CMakeFiles/cmTC_115dc.dir/build.make CMakeFiles/cmTC_115dc.dir/build
make[2]: se entra en el directorio '/home/santi/wsfin/devel/ardrone_helpers/ardrone_joystick/build/CMakeFiles/CMakeTmp'
Building C object CMakeFiles/cmTC_115dc.dir/CheckSymbolExists.c.o
/usr/bin/cc     -o CMakeFiles/cmTC_115dc.dir/CheckSymbolExists.c.o   -c /home/santi/wsfin/devel/ardrone_helpers/ardrone_joystick/build/CMakeFiles/CMakeTmp/CheckSymbolExists.c
Linking C executable cmTC_115dc
/usr/bin/cmake -E cmake_link_script CMakeFiles/cmTC_115dc.dir/link.txt --verbose=1
/usr/bin/cc       CMakeFiles/cmTC_115dc.dir/CheckSymbolExists.c.o  -o cmTC_115dc -rdynamic 
CMakeFiles/cmTC_115dc.dir/CheckSymbolExists.c.o: En la funci√≥n `main':
CheckSymbolExists.c:(.text+0x16): referencia a `pthread_create' sin definir
collect2: error: ld returned 1 exit status
CMakeFiles/cmTC_115dc.dir/build.make:97: fallo en las instrucciones para el objetivo 'cmTC_115dc'
make[2]: *** [cmTC_115dc] Error 1
make[2]: se sale del directorio '/home/santi/wsfin/devel/ardrone_helpers/ardrone_joystick/build/CMakeFiles/CMakeTmp'
Makefile:126: fallo en las instrucciones para el objetivo 'cmTC_115dc/fast'
make[1]: *** [cmTC_115dc/fast] Error 2
make[1]: se sale del directorio '/home/santi/wsfin/devel/ardrone_helpers/ardrone_joystick/build/CMakeFiles/CMakeTmp'

File /home/santi/wsfin/devel/ardrone_helpers/ardrone_joystick/build/CMakeFiles/CMakeTmp/CheckSymbolExists.c:
/* */
#include <pthread.h>

int main(int argc, char** argv)
{
  (void)argv;
#ifndef pthread_create
  return ((int*)(&pthread_create))[argc];
#else
  (void)argc;
  return 0;
#endif
}

Determining if the function pthread_create exists in the pthreads failed with the following output:
Change Dir: /home/santi/wsfin/devel/ardrone_helpers/ardrone_joystick/build/CMakeFiles/CMakeTmp

Run Build Command:"/usr/bin/make" "cmTC_9da14/fast"
make[1]: se entra en el directorio '/home/santi/wsfin/devel/ardrone_helpers/ardrone_joystick/build/CMakeFiles/CMakeTmp'
/usr/bin/make -f CMakeFiles/cmTC_9da14.dir/build.make CMakeFiles/cmTC_9da14.dir/build
make[2]: se entra en el directorio '/home/santi/wsfin/devel/ardrone_helpers/ardrone_joystick/build/CMakeFiles/CMakeTmp'
Building C object CMakeFiles/cmTC_9da14.dir/CheckFunctionExists.c.o
/usr/bin/cc    -DCHECK_FUNCTION_EXISTS=pthread_create   -o CMakeFiles/cmTC_9da14.dir/CheckFunctionExists.c.o   -c /usr/share/cmake-3.5/Modules/CheckFunctionExists.c
Linking C executable cmTC_9da14
/usr/bin/cmake -E cmake_link_script CMakeFiles/cmTC_9da14.dir/link.txt --verbose=1
/usr/bin/cc   -DCHECK_FUNCTION_EXISTS=pthread_create    CMakeFiles/cmTC_9da14.dir/CheckFunctionExists.c.o  -o cmTC_9da14 -rdynamic -lpthreads 
/usr/bin/ld: no se puede encontrar -lpthreads
collect2: error: ld returned 1 exit status
CMakeFiles/cmTC_9da14.dir/build.make:97: fallo en las instrucciones para el objetivo 'cmTC_9da14'
make[2]: *** [cmTC_9da14] Error 1
make[2]: se sale del directorio '/home/santi/wsfin/devel/ardrone_helpers/ardrone_joystick/build/CMakeFiles/CMakeTmp'
Makefile:126: fallo en las instrucciones para el objetivo 'cmTC_9da14/fast'
make[1]: *** [cmTC_9da14/fast] Error 2
make[1]: se sale del directorio '/home/santi/wsfin/devel/ardrone_helpers/ardrone_joystick/build/CMakeFiles/CMakeTmp'


